<?xml version="1.0" encoding="UTF-8" ?>
<testsuites name="vitest tests" tests="4" failures="0" errors="0" time="0.300304827">
    <testsuite name="tests/unit/basic.test.ts" timestamp="2025-05-21T19:37:39.961Z" hostname="ROKLAP.station" tests="3" failures="0" errors="0" skipped="0" time="0.005204827">
        <testcase classname="tests/unit/basic.test.ts" name="Math.sqrt()" time="0.001976693">
        </testcase>
        <testcase classname="tests/unit/basic.test.ts" name="squared" time="0.000307768">
        </testcase>
        <testcase classname="tests/unit/basic.test.ts" name="JSON" time="0.001313469">
        </testcase>
    </testsuite>
    <testsuite name="tests/spec/hello-world.spec.tsx" timestamp="2025-05-21T19:37:39.964Z" hostname="ROKLAP.station" tests="1" failures="0" errors="0" skipped="0" time="0.2951">
        <testcase classname="tests/spec/hello-world.spec.tsx" name="renders name" time="0.2939">
        </testcase>
    </testsuite>
</testsuites>
