<?xml version="1.0" encoding="UTF-8" ?>
<testsuites name="vitest tests" tests="4" failures="0" errors="0" time="0.1412">
    <testsuite name="tests/basic.test.ts" timestamp="2025-05-20T15:21:20.686Z" hostname="ROKLAP.station" tests="3" failures="0" errors="0" skipped="0" time="0.0028">
        <testcase classname="tests/basic.test.ts" name="Math.sqrt()" time="0.0012">
        </testcase>
        <testcase classname="tests/basic.test.ts" name="Squared" time="0.0002">
        </testcase>
        <testcase classname="tests/basic.test.ts" name="JSON" time="0.0006">
        </testcase>
    </testsuite>
    <testsuite name="tests/hello-world.spec.tsx" timestamp="2025-05-20T15:21:20.688Z" hostname="ROKLAP.station" tests="1" failures="0" errors="0" skipped="0" time="0.1384">
        <testcase classname="tests/hello-world.spec.tsx" name="renders name" time="0.1382">
        </testcase>
    </testsuite>
</testsuites>
