<?xml version="1.0" encoding="UTF-8" ?>
<testsuites name="vitest tests" tests="4" failures="0" errors="0" time="0.1792">
    <testsuite name="test/basic.test.ts" timestamp="2025-05-20T16:00:36.764Z" hostname="ROKLAP.station" tests="3" failures="0" errors="0" skipped="0" time="0.0028">
        <testcase classname="test/basic.test.ts" name="Math.sqrt()" time="0.0012">
        </testcase>
        <testcase classname="test/basic.test.ts" name="Squared" time="0.0001">
        </testcase>
        <testcase classname="test/basic.test.ts" name="JSON" time="0.0006">
        </testcase>
    </testsuite>
    <testsuite name="test/hello-world.spec.tsx" timestamp="2025-05-20T16:00:36.766Z" hostname="ROKLAP.station" tests="1" failures="0" errors="0" skipped="0" time="0.1764">
        <testcase classname="test/hello-world.spec.tsx" name="renders name" time="0.1762">
        </testcase>
    </testsuite>
</testsuites>
