<?xml version="1.0" encoding="UTF-8" ?>
<testsuites name="vitest tests" tests="4" failures="0" errors="0" time="0.157">
    <testsuite name="test/basic.test.ts" timestamp="2025-05-20T16:55:05.004Z" hostname="ROKLAP.station" tests="3" failures="0" errors="0" skipped="0" time="0.0033">
        <testcase classname="test/basic.test.ts" name="Math.sqrt()" time="0.0013">
        </testcase>
        <testcase classname="test/basic.test.ts" name="Squared" time="0.0002">
        </testcase>
        <testcase classname="test/basic.test.ts" name="JSON" time="0.0007">
        </testcase>
    </testsuite>
    <testsuite name="test/hello-world.spec.tsx" timestamp="2025-05-20T16:55:05.008Z" hostname="ROKLAP.station" tests="1" failures="0" errors="0" skipped="0" time="0.1537">
        <testcase classname="test/hello-world.spec.tsx" name="renders name" time="0.1535">
        </testcase>
    </testsuite>
</testsuites>
